<?xml version="1.0" encoding="utf-8"?><testsuites name="pytest tests"><testsuite name="pytest" errors="0" failures="0" skipped="0" tests="19" time="4.996" timestamp="2026-01-22T01:16:25.149025+00:00" hostname="agent-env-b3a149ba-424e-4477-8625-430bdf07005c"><testcase classname="tests.test_password_management.TestAvailableDates" name="test_get_available_dates" time="0.068" /><testcase classname="tests.test_password_management.TestAvailableDates" name="test_available_dates_format" time="0.048" /><testcase classname="tests.test_password_management.TestCustomerRegistration" name="test_customer_registration" time="0.274" /><testcase classname="tests.test_password_management.TestCustomerLogin" name="test_customer_login_success" time="0.537" /><testcase classname="tests.test_password_management.TestCustomerLogin" name="test_customer_login_invalid" time="0.042" /><testcase classname="tests.test_password_management.TestChangePassword" name="test_change_password_success" time="1.022" /><testcase classname="tests.test_password_management.TestChangePassword" name="test_change_password_wrong_current" time="0.535" /><testcase classname="tests.test_password_management.TestChangePassword" name="test_change_password_short_new" time="0.308" /><testcase classname="tests.test_password_management.TestChangePassword" name="test_change_password_unauthorized" time="0.041" /><testcase classname="tests.test_password_management.TestForgotPassword" name="test_forgot_password_existing_email" time="0.308" /><testcase classname="tests.test_password_management.TestForgotPassword" name="test_forgot_password_nonexistent_email" time="0.036" /><testcase classname="tests.test_password_management.TestForgotPassword" name="test_forgot_password_missing_email" time="0.045" /><testcase classname="tests.test_password_management.TestResetPassword" name="test_reset_password_success" time="0.831" /><testcase classname="tests.test_password_management.TestResetPassword" name="test_reset_password_invalid_token" time="0.041" /><testcase classname="tests.test_password_management.TestResetPassword" name="test_reset_password_short_password" time="0.338" /><testcase classname="tests.test_password_management.TestResetPassword" name="test_reset_password_missing_fields" time="0.040" /><testcase classname="tests.test_password_management.TestTicketsEndpoint" name="test_get_tickets" time="0.079" /><testcase classname="tests.test_password_management.TestCustomerMe" name="test_customer_me_authenticated" time="0.302" /><testcase classname="tests.test_password_management.TestCustomerMe" name="test_customer_me_unauthorized" time="0.035" /></testsuite></testsuites>