<?xml version="1.0" encoding="utf-8"?><testsuites name="pytest tests"><testsuite name="pytest" errors="0" failures="0" skipped="0" tests="23" time="8.916" timestamp="2026-01-21T19:20:24.525764+00:00" hostname="agent-env-72912b21-4d24-4d29-9cc4-dcc08844cc6a"><testcase classname="tests.test_ticket_system.TestHealthCheck" name="test_health_endpoint" time="0.089" /><testcase classname="tests.test_ticket_system.TestAdminAuth" name="test_admin_login_success" time="0.266" /><testcase classname="tests.test_ticket_system.TestAdminAuth" name="test_admin_login_invalid_credentials" time="0.050" /><testcase classname="tests.test_ticket_system.TestTicketAvailability" name="test_get_ticket_availability" time="0.341" /><testcase classname="tests.test_ticket_system.TestTicketAvailability" name="test_create_ticket_availability" time="0.350" /><testcase classname="tests.test_ticket_system.TestTicketAvailability" name="test_update_ticket_availability" time="0.377" /><testcase classname="tests.test_ticket_system.TestTicketAvailability" name="test_delete_ticket_availability" time="0.338" /><testcase classname="tests.test_ticket_system.TestTicketAvailability" name="test_check_availability_public" time="0.297" /><testcase classname="tests.test_ticket_system.TestStaffManagement" name="test_get_staff_list" time="0.315" /><testcase classname="tests.test_ticket_system.TestStaffManagement" name="test_create_staff" time="0.534" /><testcase classname="tests.test_ticket_system.TestStaffManagement" name="test_delete_staff" time="0.331" /><testcase classname="tests.test_ticket_system.TestStaffLogin" name="test_staff_login_success" time="0.783" /><testcase classname="tests.test_ticket_system.TestStaffLogin" name="test_staff_login_invalid_credentials" time="0.327" /><testcase classname="tests.test_ticket_system.TestStaffLogin" name="test_staff_me_endpoint" time="0.598" /><testcase classname="tests.test_ticket_system.TestTicketValidation" name="test_validate_nonexistent_ticket" time="0.620" /><testcase classname="tests.test_ticket_system.TestTicketValidation" name="test_get_ticket_info_nonexistent" time="0.626" /><testcase classname="tests.test_ticket_system.TestTicketValidation" name="test_validate_without_auth" time="0.603" /><testcase classname="tests.test_ticket_system.TestTicketTypes" name="test_get_tickets" time="0.302" /><testcase classname="tests.test_ticket_system.TestTicketTypes" name="test_create_ticket_type" time="0.351" /><testcase classname="tests.test_ticket_system.TestTicketTypes" name="test_update_ticket_type" time="0.294" /><testcase classname="tests.test_ticket_system.TestTicketTypes" name="test_delete_ticket_type" time="0.294" /><testcase classname="tests.test_ticket_system.TestCleanup" name="test_cleanup_test_staff" time="0.331" /><testcase classname="tests.test_ticket_system.TestCleanup" name="test_cleanup_test_availability" time="0.356" /></testsuite></testsuites>