<?xml version="1.0" encoding="utf-8"?><testsuites name="pytest tests"><testsuite name="pytest" errors="0" failures="0" skipped="0" tests="22" time="6.700" timestamp="2026-01-22T00:53:19.578458+00:00" hostname="agent-env-b3a149ba-424e-4477-8625-430bdf07005c"><testcase classname="tests.test_ticket_system.TestHealthCheck" name="test_api_health" time="0.088" /><testcase classname="tests.test_ticket_system.TestAdminAuth" name="test_admin_login_success" time="0.267" /><testcase classname="tests.test_ticket_system.TestAdminAuth" name="test_admin_login_invalid_credentials" time="0.041" /><testcase classname="tests.test_ticket_system.TestAdminAuth" name="test_admin_me_endpoint" time="0.302" /><testcase classname="tests.test_ticket_system.TestTicketAvailability" name="test_get_ticket_availability" time="0.312" /><testcase classname="tests.test_ticket_system.TestTicketAvailability" name="test_create_ticket_availability" time="0.345" /><testcase classname="tests.test_ticket_system.TestTicketAvailability" name="test_update_ticket_availability" time="0.419" /><testcase classname="tests.test_ticket_system.TestTicketAvailability" name="test_delete_ticket_availability" time="0.345" /><testcase classname="tests.test_ticket_system.TestTicketAvailability" name="test_check_availability_public" time="0.385" /><testcase classname="tests.test_ticket_system.TestStaffManagement" name="test_get_staff_list" time="0.299" /><testcase classname="tests.test_ticket_system.TestStaffManagement" name="test_create_staff" time="0.560" /><testcase classname="tests.test_ticket_system.TestStaffManagement" name="test_delete_staff" time="0.599" /><testcase classname="tests.test_ticket_system.TestStaffAuth" name="test_staff_login_success" time="0.263" /><testcase classname="tests.test_ticket_system.TestStaffAuth" name="test_staff_login_invalid_credentials" time="0.038" /><testcase classname="tests.test_ticket_system.TestStaffAuth" name="test_staff_me_endpoint" time="0.300" /><testcase classname="tests.test_ticket_system.TestTicketTypes" name="test_get_tickets_public" time="0.036" /><testcase classname="tests.test_ticket_system.TestTicketTypes" name="test_create_ticket_type" time="0.376" /><testcase classname="tests.test_ticket_system.TestTicketTypes" name="test_update_ticket_type" time="0.450" /><testcase classname="tests.test_ticket_system.TestTicketTypes" name="test_delete_ticket_type" time="0.378" /><testcase classname="tests.test_ticket_system.TestTicketValidation" name="test_ticket_info_not_found" time="0.303" /><testcase classname="tests.test_ticket_system.TestTicketValidation" name="test_validate_ticket_not_found" time="0.296" /><testcase classname="tests.test_ticket_system.TestTicketValidation" name="test_validate_ticket_unauthorized" time="0.038" /></testsuite></testsuites>